<?xml version="1.0" encoding="UTF-8"?>
<testng-results ignored="0" total="1" passed="1" failed="0" skipped="0">
  <reporter-output>
  </reporter-output>
  <suite started-at="2025-01-11T12:54:32 IST" name="Default suite" finished-at="2025-01-11T12:54:35 IST" duration-ms="3150">
    <groups>
    </groups>
    <test started-at="2025-01-11T12:54:32 IST" name="Default test" finished-at="2025-01-11T12:54:35 IST" duration-ms="3150">
      <class name="apiTesting.GET_RequestBasicProgram">
        <test-method signature="getRequest()[pri:0, instance:apiTesting.GET_RequestBasicProgram@73e22a3d]" started-at="2025-01-11T12:54:32 IST" name="getRequest" finished-at="2025-01-11T12:54:35 IST" duration-ms="3060" status="PASS">
          <reporter-output>
          </reporter-output>
        </test-method> <!-- getRequest -->
      </class> <!-- apiTesting.GET_RequestBasicProgram -->
    </test> <!-- Default test -->
  </suite> <!-- Default suite -->
</testng-results>
