<?xml version="1.0" encoding="UTF-8"?>
<!-- Generated by org.testng.reporters.JUnitXMLReporter -->
<testsuite ignored="0" hostname="ABC-PC" failures="0" tests="5" name="Default test" time="0.137" errors="0" timestamp="2024-10-23T17:48:16 IST">
  <testcase classname="testNGPractice.DataProvider_TestNG" name="test1" time="0.01"/>
  <testcase classname="testNGPractice.DataProvider_TestNG" name="test1" time="0.003"/>
  <testcase classname="testNGPractice.DataProvider_TestNG" name="test1" time="0.003"/>
  <testcase classname="testNGPractice.DataProvider_TestNG" name="test2" time="0.002"/>
  <testcase classname="testNGPractice.DataProvider_TestNG" name="test2" time="0.028"/>
</testsuite> <!-- Default test -->
