<?xml version="1.0" encoding="UTF-8"?>
<testng-results ignored="0" total="5" passed="5" failed="0" skipped="0">
  <reporter-output>
  </reporter-output>
  <suite started-at="2024-10-23T17:48:16 IST" name="Default suite" finished-at="2024-10-23T17:48:16 IST" duration-ms="137">
    <groups>
    </groups>
    <test started-at="2024-10-23T17:48:16 IST" name="Default test" finished-at="2024-10-23T17:48:16 IST" duration-ms="137">
      <class name="testNGPractice.DataProvider_TestNG">
        <test-method signature="test1(java.lang.String,java.lang.String)[pri:0, instance:testNGPractice.DataProvider_TestNG@2b48a640]" started-at="2024-10-23T17:48:16 IST" name="test1" data-provider="dataSet" finished-at="2024-10-23T17:48:16 IST" duration-ms="10" status="PASS">
          <params>
            <param index="0">
              <value>
                <![CDATA[Username1]]>
              </value>
            </param>
            <param index="1">
              <value>
                <![CDATA[Password1]]>
              </value>
            </param>
          </params>
          <reporter-output>
          </reporter-output>
        </test-method> <!-- test1 -->
        <test-method signature="test1(java.lang.String,java.lang.String)[pri:0, instance:testNGPractice.DataProvider_TestNG@2b48a640]" started-at="2024-10-23T17:48:16 IST" name="test1" data-provider="dataSet" finished-at="2024-10-23T17:48:16 IST" duration-ms="3" status="PASS">
          <params>
            <param index="0">
              <value>
                <![CDATA[Username2]]>
              </value>
            </param>
            <param index="1">
              <value>
                <![CDATA[Password2]]>
              </value>
            </param>
          </params>
          <reporter-output>
          </reporter-output>
        </test-method> <!-- test1 -->
        <test-method signature="test1(java.lang.String,java.lang.String)[pri:0, instance:testNGPractice.DataProvider_TestNG@2b48a640]" started-at="2024-10-23T17:48:16 IST" name="test1" data-provider="dataSet" finished-at="2024-10-23T17:48:16 IST" duration-ms="3" status="PASS">
          <params>
            <param index="0">
              <value>
                <![CDATA[Username3]]>
              </value>
            </param>
            <param index="1">
              <value>
                <![CDATA[Password3]]>
              </value>
            </param>
          </params>
          <reporter-output>
          </reporter-output>
        </test-method> <!-- test1 -->
        <test-method signature="test2(java.lang.String,java.lang.String)[pri:0, instance:testNGPractice.DataProvider_TestNG@2b48a640]" started-at="2024-10-23T17:48:16 IST" name="test2" data-provider="InputData2" finished-at="2024-10-23T17:48:16 IST" duration-ms="2" status="PASS">
          <params>
            <param index="0">
              <value>
                <![CDATA[UN1]]>
              </value>
            </param>
            <param index="1">
              <value>
                <![CDATA[PW1]]>
              </value>
            </param>
          </params>
          <reporter-output>
          </reporter-output>
        </test-method> <!-- test2 -->
        <test-method signature="test2(java.lang.String,java.lang.String)[pri:0, instance:testNGPractice.DataProvider_TestNG@2b48a640]" started-at="2024-10-23T17:48:16 IST" name="test2" data-provider="InputData2" finished-at="2024-10-23T17:48:16 IST" duration-ms="28" status="PASS">
          <params>
            <param index="0">
              <value>
                <![CDATA[UN2]]>
              </value>
            </param>
            <param index="1">
              <value>
                <![CDATA[PW2]]>
              </value>
            </param>
          </params>
          <reporter-output>
          </reporter-output>
        </test-method> <!-- test2 -->
      </class> <!-- testNGPractice.DataProvider_TestNG -->
    </test> <!-- Default test -->
  </suite> <!-- Default suite -->
</testng-results>
